<?xml version="1.0" encoding="UTF-8"?>
<!-- Generated by org.testng.reporters.JUnitReportReporter -->
<testsuite hostname="DESKTOP-SA80G0F" failures="0" tests="1" name="Get.GetTest" time="1.949" errors="0" timestamp="2024-02-22T14:53:18 IST" skipped="0">
  <testcase classname="Get.GetTest" name="get_test" time="1.949"/>
  <system-out/>
</testsuite> <!-- Get.GetTest -->
